PhotoCropper Unity Project/Temp/gradleOut/launcher/build/outputs/logs/manifest-merger-release-report.txt
-- Merging decision tree log ---
manifest
ADDED from src/main/AndroidManifest.xml:3:1-10:12
INJECTED from src/main/AndroidManifest.xml:3:1-10:12
INJECTED from src/main/AndroidManifest.xml:3:1-10:12
INJECTED from src/main/AndroidManifest.xml:3:1-10:12
MERGED from [:unityLibrary] AndroidManifest.xml:2:1-74:12
INJECTED from src/main/AndroidManifest.xml:3:1-10:12
INJECTED from src/main/AndroidManifest.xml:3:1-10:12
INJECTED from src/main/AndroidManifest.xml:3:1-10:12
	package
		ADDED from src/main/AndroidManifest.xml:3:70-114
		INJECTED from src/main/AndroidManifest.xml
		INJECTED from src/main/AndroidManifest.xml
	android:versionName
		INJECTED from src/main/AndroidManifest.xml
		ADDED from src/main/AndroidManifest.xml:3:1-10:12
		INJECTED from src/main/AndroidManifest.xml
	xmlns:tools
		ADDED from src/main/AndroidManifest.xml:3:115-161
	android:versionCode
		INJECTED from src/main/AndroidManifest.xml
		ADDED from src/main/AndroidManifest.xml:3:1-10:12
		INJECTED from src/main/AndroidManifest.xml
	xmlns:android
		ADDED from src/main/AndroidManifest.xml:3:11-69
	android:installLocation
		ADDED from src/main/AndroidManifest.xml:3:162-202
supports-screens
ADDED from src/main/AndroidManifest.xml:4:3-163
MERGED from [:unityLibrary] AndroidManifest.xml:12:5-17:40
MERGED from [:unityLibrary] AndroidManifest.xml:12:5-17:40
	android:largeScreens
		ADDED from src/main/AndroidManifest.xml:4:78-105
	android:smallScreens
		ADDED from src/main/AndroidManifest.xml:4:21-48
	android:normalScreens
		ADDED from src/main/AndroidManifest.xml:4:49-77
	android:xlargeScreens
		ADDED from src/main/AndroidManifest.xml:4:106-134
	android:anyDensity
		ADDED from src/main/AndroidManifest.xml:4:135-160
application
ADDED from src/main/AndroidManifest.xml:5:3-7:17
MERGED from [:unityLibrary] AndroidManifest.xml:41:5-72:19
MERGED from [:unityLibrary] AndroidManifest.xml:41:5-72:19
	android:label
		ADDED from src/main/AndroidManifest.xml:5:16-48
	android:icon
		ADDED from src/main/AndroidManifest.xml:5:49-80
meta-data#unity.builder
ADDED from src/main/AndroidManifest.xml:6:5-79
	android:value
		ADDED from src/main/AndroidManifest.xml:6:45-76
	android:name
		ADDED from src/main/AndroidManifest.xml:6:16-44
uses-permission#android.permission.ACCESS_NETWORK_STATE
ADDED from src/main/AndroidManifest.xml:8:3-77
MERGED from [:unityLibrary] AndroidManifest.xml:23:5-79
MERGED from [:unityLibrary] AndroidManifest.xml:23:5-79
	android:name
		ADDED from src/main/AndroidManifest.xml:8:20-74
uses-permission#android.permission.INTERNET
ADDED from src/main/AndroidManifest.xml:9:3-65
MERGED from [:unityLibrary] AndroidManifest.xml:21:5-67
MERGED from [:unityLibrary] AndroidManifest.xml:21:5-67
	android:name
		ADDED from src/main/AndroidManifest.xml:9:20-62
uses-sdk
INJECTED from src/main/AndroidManifest.xml reason: use-sdk injection requested
INJECTED from src/main/AndroidManifest.xml
INJECTED from src/main/AndroidManifest.xml
MERGED from [:unityLibrary] AndroidManifest.xml:8:5-10:41
MERGED from [:unityLibrary] AndroidManifest.xml:8:5-10:41
INJECTED from src/main/AndroidManifest.xml
INJECTED from src/main/AndroidManifest.xml
	android:targetSdkVersion
		INJECTED from src/main/AndroidManifest.xml
		ADDED from src/main/AndroidManifest.xml
		INJECTED from src/main/AndroidManifest.xml
	android:minSdkVersion
		INJECTED from src/main/AndroidManifest.xml
		ADDED from src/main/AndroidManifest.xml
		INJECTED from src/main/AndroidManifest.xml
uses-feature#0x00020000
ADDED from [:unityLibrary] AndroidManifest.xml:19:5-54
	android:glEsVersion
		ADDED from [:unityLibrary] AndroidManifest.xml:19:19-51
uses-permission#android.permission.READ_PHONE_STATE
ADDED from [:unityLibrary] AndroidManifest.xml:22:5-75
	android:name
		ADDED from [:unityLibrary] AndroidManifest.xml:22:22-72
uses-permission#android.permission.WRITE_EXTERNAL_STORAGE
ADDED from [:unityLibrary] AndroidManifest.xml:24:5-81
	android:name
		ADDED from [:unityLibrary] AndroidManifest.xml:24:22-78
uses-permission#android.permission.CAMERA
ADDED from [:unityLibrary] AndroidManifest.xml:25:5-65
	android:name
		ADDED from [:unityLibrary] AndroidManifest.xml:25:22-62
uses-permission#android.permission.RECORD_AUDIO
ADDED from [:unityLibrary] AndroidManifest.xml:26:5-71
	android:name
		ADDED from [:unityLibrary] AndroidManifest.xml:26:22-68
uses-feature#android.hardware.touchscreen
ADDED from [:unityLibrary] AndroidManifest.xml:28:5-30:36
	android:required
		ADDED from [:unityLibrary] AndroidManifest.xml:30:9-33
	android:name
		ADDED from [:unityLibrary] AndroidManifest.xml:29:9-52
uses-feature#android.hardware.touchscreen.multitouch
ADDED from [:unityLibrary] AndroidManifest.xml:31:5-33:36
	android:required
		ADDED from [:unityLibrary] AndroidManifest.xml:33:9-33
	android:name
		ADDED from [:unityLibrary] AndroidManifest.xml:32:9-63
uses-feature#android.hardware.touchscreen.multitouch.distinct
ADDED from [:unityLibrary] AndroidManifest.xml:34:5-36:36
	android:required
		ADDED from [:unityLibrary] AndroidManifest.xml:36:9-33
	android:name
		ADDED from [:unityLibrary] AndroidManifest.xml:35:9-72
uses-feature#android.hardware.vulkan.version
ADDED from [:unityLibrary] AndroidManifest.xml:37:5-39:36
	android:required
		ADDED from [:unityLibrary] AndroidManifest.xml:39:9-33
	android:name
		ADDED from [:unityLibrary] AndroidManifest.xml:38:9-55
activity#com.unity3d.player.UnityPlayerActivity
ADDED from [:unityLibrary] AndroidManifest.xml:42:9-59:20
	android:screenOrientation
		ADDED from [:unityLibrary] AndroidManifest.xml:48:13-51
	android:label
		ADDED from [:unityLibrary] AndroidManifest.xml:46:13-45
	android:launchMode
		ADDED from [:unityLibrary] AndroidManifest.xml:47:13-44
	android:hardwareAccelerated
		ADDED from [:unityLibrary] AndroidManifest.xml:45:13-48
	android:configChanges
		ADDED from [:unityLibrary] AndroidManifest.xml:44:13-194
	android:name
		ADDED from [:unityLibrary] AndroidManifest.xml:43:13-66
intent-filter#action:name:android.intent.action.MAIN+category:name:android.intent.category.LAUNCHER+category:name:android.intent.category.LEANBACK_LAUNCHER
ADDED from [:unityLibrary] AndroidManifest.xml:49:13-54:29
action#android.intent.action.MAIN
ADDED from [:unityLibrary] AndroidManifest.xml:50:17-69
	android:name
		ADDED from [:unityLibrary] AndroidManifest.xml:50:25-66
category#android.intent.category.LAUNCHER
ADDED from [:unityLibrary] AndroidManifest.xml:52:17-77
	android:name
		ADDED from [:unityLibrary] AndroidManifest.xml:52:27-74
category#android.intent.category.LEANBACK_LAUNCHER
ADDED from [:unityLibrary] AndroidManifest.xml:53:17-86
	android:name
		ADDED from [:unityLibrary] AndroidManifest.xml:53:27-83
meta-data#unityplayer.UnityActivity
ADDED from [:unityLibrary] AndroidManifest.xml:56:13-58:40
	android:value
		ADDED from [:unityLibrary] AndroidManifest.xml:58:17-37
	android:name
		ADDED from [:unityLibrary] AndroidManifest.xml:57:17-57
activity#com.photocropper.code.WebViewActivity
ADDED from [:unityLibrary] AndroidManifest.xml:60:9-61:20
	android:name
		ADDED from [:unityLibrary] AndroidManifest.xml:60:19-71
meta-data#unity.splash-mode
ADDED from [:unityLibrary] AndroidManifest.xml:63:9-65:33
	android:value
		ADDED from [:unityLibrary] AndroidManifest.xml:65:13-30
	android:name
		ADDED from [:unityLibrary] AndroidManifest.xml:64:13-45
meta-data#unity.splash-enable
ADDED from [:unityLibrary] AndroidManifest.xml:66:9-68:36
	android:value
		ADDED from [:unityLibrary] AndroidManifest.xml:68:13-33
	android:name
		ADDED from [:unityLibrary] AndroidManifest.xml:67:13-47
meta-data#unity.build-id
ADDED from [:unityLibrary] AndroidManifest.xml:69:9-71:68
	android:value
		ADDED from [:unityLibrary] AndroidManifest.xml:71:13-65
	android:name
		ADDED from [:unityLibrary] AndroidManifest.xml:70:13-42